<?xml version="1.0" encoding="UTF-8"?>
<!-- Generated by org.testng.reporters.JUnitReportReporter -->
<testsuite hostname="Pramod" failures="0" tests="1" name="pk2" time="0.016" errors="0" timestamp="2022-09-03T12:41:06 IST" skipped="0">
  <testcase classname="pk2" name="p1" time="0.016"/>
  <system-out/>
</testsuite> <!-- pk2 -->
