<?xml version="1.0" encoding="UTF-8"?>
<!-- Generated by org.testng.reporters.JUnitReportReporter -->
<testsuite hostname="Pramod" failures="0" tests="4" name="Execution.Execution" time="16.784" errors="0" timestamp="2022-09-06T12:20:18 IST" skipped="0">
  <testcase classname="Execution.Execution" name="p2_Search_Item" time="6.959"/>
  <system-out/>
  <testcase classname="Execution.Execution" name="p1_Login" time="2.782"/>
  <system-out/>
  <testcase classname="Execution.Execution" name="p4_Cart" time="7.017"/>
  <system-out/>
  <testcase classname="Execution.Execution" name="p3_Product_Process" time="0.026"/>
  <system-out/>
</testsuite> <!-- Execution.Execution -->
