<?xml version="1.0" encoding="UTF-8"?>
<!-- Generated by org.testng.reporters.JUnitReportReporter -->
<testsuite hostname="Pramod" failures="0" tests="1" name="pk" time="0.006" errors="0" timestamp="2022-09-03T13:36:30 IST" skipped="0">
  <testcase classname="pk" name="p1" time="0.006"/>
  <system-out/>
</testsuite> <!-- pk -->
